[2016-07-01 06:51:11] production.ERROR: exception 'ErrorException' with message 'Undefined property: Illuminate\Queue\QueueManager::$connectors' in /var/www/dairymgt-site/admin/vendor/laravel/framework/src/Illuminate/Queue/QueueManager.php:129
Stack trace:
#0 /var/www/dairymgt-site/admin/vendor/laravel/framework/src/Illuminate/Queue/QueueManager.php(129): Illuminate\Exception\Handler->handleError(8, 'Undefined prope...', '/var/www/dairym...', 129, Array)
#1 /var/www/dairymgt-site/admin/vendor/laravel/framework/src/Illuminate/Queue/QueueServiceProvider.php(163): Illuminate\Queue\QueueManager->addConnector('sync', Object(Closure))
#2 /var/www/dairymgt-site/admin/vendor/laravel/framework/src/Illuminate/Queue/QueueServiceProvider.php(148): Illuminate\Queue\QueueServiceProvider->registerSyncConnector(Object(Illuminate\Queue\QueueManager))
#3 /var/www/dairymgt-site/admin/vendor/laravel/framework/src/Illuminate/Queue/QueueServiceProvider.php(57): Illuminate\Queue\QueueServiceProvider->registerConnectors(Object(Illuminate\Queue\QueueManager))
#4 /var/www/dairymgt-site/admin/vendor/laravel/framework/src/Illuminate/Container/Container.php(207): Illuminate\Queue\QueueServiceProvider->Illuminate\Queue\{closure}(Object(Illuminate\Foundation\Application))
#5 /var/www/dairymgt-site/admin/vendor/laravel/framework/src/Illuminate/Container/Container.php(498): Illuminate\Container\Container->Illuminate\Container\{closure}(Object(Illuminate\Foundation\Application), Array)
#6 /var/www/dairymgt-site/admin/vendor/laravel/framework/src/Illuminate/Container/Container.php(425): Illuminate\Container\Container->build(Object(Closure), Array)
#7 /var/www/dairymgt-site/admin/vendor/laravel/framework/src/Illuminate/Foundation/Application.php(463): Illuminate\Container\Container->make('queue', Array)
#8 /var/www/dairymgt-site/admin/vendor/laravel/framework/src/Illuminate/Container/Container.php(809): Illuminate\Foundation\Application->make('queue')
#9 /var/www/dairymgt-site/admin/vendor/laravel/framework/src/Illuminate/Queue/QueueServiceProvider.php(74): Illuminate\Container\Container->offsetGet('queue')
#10 /var/www/dairymgt-site/admin/vendor/laravel/framework/src/Illuminate/Container/Container.php(207): Illuminate\Queue\QueueServiceProvider->Illuminate\Queue\{closure}(Object(Illuminate\Foundation\Application))
#11 /var/www/dairymgt-site/admin/vendor/laravel/framework/src/Illuminate/Container/Container.php(498): Illuminate\Container\Container->Illuminate\Container\{closure}(Object(Illuminate\Foundation\Application), Array)
#12 /var/www/dairymgt-site/admin/vendor/laravel/framework/src/Illuminate/Container/Container.php(425): Illuminate\Container\Container->build(Object(Closure), Array)
#13 /var/www/dairymgt-site/admin/vendor/laravel/framework/src/Illuminate/Foundation/Application.php(463): Illuminate\Container\Container->make('queue.worker', Array)
#14 /var/www/dairymgt-site/admin/vendor/laravel/framework/src/Illuminate/Container/Container.php(809): Illuminate\Foundation\Application->make('queue.worker')
#15 /var/www/dairymgt-site/admin/vendor/laravel/framework/src/Illuminate/Queue/QueueServiceProvider.php(87): Illuminate\Container\Container->offsetGet('queue.worker')
#16 /var/www/dairymgt-site/admin/vendor/laravel/framework/src/Illuminate/Container/Container.php(207): Illuminate\Queue\QueueServiceProvider->Illuminate\Queue\{closure}(Object(Illuminate\Foundation\Application))
#17 /var/www/dairymgt-site/admin/vendor/laravel/framework/src/Illuminate/Container/Container.php(498): Illuminate\Container\Container->Illuminate\Container\{closure}(Object(Illuminate\Foundation\Application), Array)
#18 /var/www/dairymgt-site/admin/vendor/laravel/framework/src/Illuminate/Container/Container.php(425): Illuminate\Container\Container->build(Object(Closure), Array)
#19 /var/www/dairymgt-site/admin/vendor/laravel/framework/src/Illuminate/Foundation/Application.php(463): Illuminate\Container\Container->make('command.queue.w...', Array)
#20 /var/www/dairymgt-site/admin/vendor/laravel/framework/src/Illuminate/Container/Container.php(809): Illuminate\Foundation\Application->make('command.queue.w...')
#21 /var/www/dairymgt-site/admin/vendor/laravel/framework/src/Illuminate/Console/Application.php(134): Illuminate\Container\Container->offsetGet('command.queue.w...')
#22 /var/www/dairymgt-site/admin/vendor/laravel/framework/src/Illuminate/Console/Application.php(149): Illuminate\Console\Application->resolve('command.queue.w...')
#23 /var/www/dairymgt-site/admin/vendor/laravel/framework/src/Illuminate/Support/ServiceProvider.php(147): Illuminate\Console\Application->resolveCommands(Array)
#24 [internal function]: Illuminate\Support\ServiceProvider->Illuminate\Support\{closure}(Object(Illuminate\Console\Application))
#25 /var/www/dairymgt-site/admin/vendor/laravel/framework/src/Illuminate/Events/Dispatcher.php(199): call_user_func_array(Object(Closure), Array)
#26 /var/www/dairymgt-site/admin/vendor/laravel/framework/src/Illuminate/Console/Application.php(71): Illuminate\Events\Dispatcher->fire('artisan.start', Array)
#27 /var/www/dairymgt-site/admin/vendor/laravel/framework/src/Illuminate/Console/Application.php(33): Illuminate\Console\Application->boot()
#28 /var/www/dairymgt-site/admin/artisan(46): Illuminate\Console\Application::start(Object(Illuminate\Foundation\Application))
#29 {main} [] []
[2016-07-01 06:51:11] production.ERROR: exception 'ErrorException' with message 'Undefined property: Illuminate\Queue\QueueManager::$connectors' in /var/www/dairymgt-site/admin/vendor/laravel/framework/src/Illuminate/Queue/QueueManager.php:129
Stack trace:
#0 /var/www/dairymgt-site/admin/vendor/laravel/framework/src/Illuminate/Queue/QueueManager.php(129): Illuminate\Exception\Handler->handleError(8, 'Undefined prope...', '/var/www/dairym...', 129, Array)
#1 /var/www/dairymgt-site/admin/vendor/laravel/framework/src/Illuminate/Queue/QueueServiceProvider.php(163): Illuminate\Queue\QueueManager->addConnector('sync', Object(Closure))
#2 /var/www/dairymgt-site/admin/vendor/laravel/framework/src/Illuminate/Queue/QueueServiceProvider.php(148): Illuminate\Queue\QueueServiceProvider->registerSyncConnector(Object(Illuminate\Queue\QueueManager))
#3 /var/www/dairymgt-site/admin/vendor/laravel/framework/src/Illuminate/Queue/QueueServiceProvider.php(57): Illuminate\Queue\QueueServiceProvider->registerConnectors(Object(Illuminate\Queue\QueueManager))
#4 /var/www/dairymgt-site/admin/vendor/laravel/framework/src/Illuminate/Container/Container.php(207): Illuminate\Queue\QueueServiceProvider->Illuminate\Queue\{closure}(Object(Illuminate\Foundation\Application))
#5 /var/www/dairymgt-site/admin/vendor/laravel/framework/src/Illuminate/Container/Container.php(498): Illuminate\Container\Container->Illuminate\Container\{closure}(Object(Illuminate\Foundation\Application), Array)
#6 /var/www/dairymgt-site/admin/vendor/laravel/framework/src/Illuminate/Container/Container.php(425): Illuminate\Container\Container->build(Object(Closure), Array)
#7 /var/www/dairymgt-site/admin/vendor/laravel/framework/src/Illuminate/Foundation/Application.php(463): Illuminate\Container\Container->make('queue', Array)
#8 /var/www/dairymgt-site/admin/vendor/laravel/framework/src/Illuminate/Container/Container.php(809): Illuminate\Foundation\Application->make('queue')
#9 /var/www/dairymgt-site/admin/vendor/laravel/framework/src/Illuminate/Queue/QueueServiceProvider.php(74): Illuminate\Container\Container->offsetGet('queue')
#10 /var/www/dairymgt-site/admin/vendor/laravel/framework/src/Illuminate/Container/Container.php(207): Illuminate\Queue\QueueServiceProvider->Illuminate\Queue\{closure}(Object(Illuminate\Foundation\Application))
#11 /var/www/dairymgt-site/admin/vendor/laravel/framework/src/Illuminate/Container/Container.php(498): Illuminate\Container\Container->Illuminate\Container\{closure}(Object(Illuminate\Foundation\Application), Array)
#12 /var/www/dairymgt-site/admin/vendor/laravel/framework/src/Illuminate/Container/Container.php(425): Illuminate\Container\Container->build(Object(Closure), Array)
#13 /var/www/dairymgt-site/admin/vendor/laravel/framework/src/Illuminate/Foundation/Application.php(463): Illuminate\Container\Container->make('queue.worker', Array)
#14 /var/www/dairymgt-site/admin/vendor/laravel/framework/src/Illuminate/Container/Container.php(809): Illuminate\Foundation\Application->make('queue.worker')
#15 /var/www/dairymgt-site/admin/vendor/laravel/framework/src/Illuminate/Queue/QueueServiceProvider.php(87): Illuminate\Container\Container->offsetGet('queue.worker')
#16 /var/www/dairymgt-site/admin/vendor/laravel/framework/src/Illuminate/Container/Container.php(207): Illuminate\Queue\QueueServiceProvider->Illuminate\Queue\{closure}(Object(Illuminate\Foundation\Application))
#17 /var/www/dairymgt-site/admin/vendor/laravel/framework/src/Illuminate/Container/Container.php(498): Illuminate\Container\Container->Illuminate\Container\{closure}(Object(Illuminate\Foundation\Application), Array)
#18 /var/www/dairymgt-site/admin/vendor/laravel/framework/src/Illuminate/Container/Container.php(425): Illuminate\Container\Container->build(Object(Closure), Array)
#19 /var/www/dairymgt-site/admin/vendor/laravel/framework/src/Illuminate/Foundation/Application.php(463): Illuminate\Container\Container->make('command.queue.w...', Array)
#20 /var/www/dairymgt-site/admin/vendor/laravel/framework/src/Illuminate/Container/Container.php(809): Illuminate\Foundation\Application->make('command.queue.w...')
#21 /var/www/dairymgt-site/admin/vendor/laravel/framework/src/Illuminate/Console/Application.php(134): Illuminate\Container\Container->offsetGet('command.queue.w...')
#22 /var/www/dairymgt-site/admin/vendor/laravel/framework/src/Illuminate/Console/Application.php(149): Illuminate\Console\Application->resolve('command.queue.w...')
#23 /var/www/dairymgt-site/admin/vendor/laravel/framework/src/Illuminate/Support/ServiceProvider.php(147): Illuminate\Console\Application->resolveCommands(Array)
#24 [internal function]: Illuminate\Support\ServiceProvider->Illuminate\Support\{closure}(Object(Illuminate\Console\Application))
#25 /var/www/dairymgt-site/admin/vendor/laravel/framework/src/Illuminate/Events/Dispatcher.php(199): call_user_func_array(Object(Closure), Array)
#26 /var/www/dairymgt-site/admin/vendor/laravel/framework/src/Illuminate/Console/Application.php(71): Illuminate\Events\Dispatcher->fire('artisan.start', Array)
#27 /var/www/dairymgt-site/admin/vendor/laravel/framework/src/Illuminate/Console/Application.php(33): Illuminate\Console\Application->boot()
#28 /var/www/dairymgt-site/admin/artisan(46): Illuminate\Console\Application::start(Object(Illuminate\Foundation\Application))
#29 {main} [] []
